TN:
SF:/home/peter/Documents/Work/MyBit/DappProjects/payroll/contracts/ContractManager.sol
FN:13,
FN:26,addContract
FN:44,removeContract
FN:63,updateContract
FN:79,contractExists
FN:94,anyOwner
FN:102,noEmptyAddress
FN:110,noEmptyString
FN:118,multiSigRequired
FNF:9
FNH:6
FNDA:1,
FNDA:1,addContract
FNDA:0,removeContract
FNDA:0,updateContract
FNDA:1,contractExists
FNDA:1,anyOwner
FNDA:2,noEmptyAddress
FNDA:1,noEmptyString
FNDA:0,multiSigRequired
DA:16,1
DA:32,1
DA:33,1
DA:34,1
DA:35,1
DA:36,1
DA:49,0
DA:50,0
DA:51,0
DA:52,0
DA:53,0
DA:68,0
DA:69,0
DA:70,0
DA:71,0
DA:72,0
DA:73,0
DA:83,1
DA:95,1
DA:96,1
DA:103,2
DA:104,2
DA:111,1
DA:112,1
DA:119,0
DA:120,0
DA:121,0
DA:122,0
LF:28
LH:13
BRDA:32,1,0,1
BRDA:32,1,1,0
BRDA:33,2,0,1
BRDA:33,2,1,0
BRDA:50,3,0,0
BRDA:50,3,1,0
BRDA:69,4,0,0
BRDA:69,4,1,0
BRDA:95,5,0,1
BRDA:95,5,1,0
BRDA:103,6,0,2
BRDA:103,6,1,0
BRDA:111,7,0,1
BRDA:111,7,1,0
BRDA:119,8,0,0
BRDA:119,8,1,0
BRDA:120,9,0,0
BRDA:120,9,1,0
BRF:18
BRH:5
end_of_record
TN:
SF:/home/peter/Documents/Work/MyBit/DappProjects/payroll/contracts/Database.sol
FN:28,
FN:40,setContractManager
FN:53,setAddress
FN:59,setUint
FN:65,setString
FN:71,setBytes
FN:77,setBytes32
FN:83,setBool
FN:89,setInt
FN:100,deleteAddress
FN:106,deleteUint
FN:112,deleteString
FN:118,deleteBytes
FN:124,deleteBytes32
FN:130,deleteBool
FN:136,deleteInt
FN:147,onlyApprovedContract
FNF:17
FNH:7
FNDA:1,
FNDA:1,setContractManager
FNDA:12,setAddress
FNDA:17,setUint
FNDA:0,setString
FNDA:0,setBytes
FNDA:0,setBytes32
FNDA:18,setBool
FNDA:0,setInt
FNDA:1,deleteAddress
FNDA:0,deleteUint
FNDA:0,deleteString
FNDA:0,deleteBytes
FNDA:0,deleteBytes32
FNDA:0,deleteBool
FNDA:0,deleteInt
FNDA:48,onlyApprovedContract
DA:30,1
DA:31,1
DA:42,1
DA:43,1
DA:44,1
DA:45,1
DA:46,1
DA:56,12
DA:62,17
DA:68,0
DA:74,0
DA:80,0
DA:86,18
DA:92,0
DA:103,1
DA:109,0
DA:115,0
DA:121,0
DA:127,0
DA:133,0
DA:139,0
DA:148,48
DA:149,48
LF:23
LH:13
BRDA:42,1,0,1
BRDA:42,1,1,0
BRDA:43,2,0,1
BRDA:43,2,1,0
BRDA:44,3,0,1
BRDA:44,3,1,0
BRDA:148,4,0,48
BRDA:148,4,1,0
BRF:8
BRH:4
end_of_record
TN:
SF:/home/peter/Documents/Work/MyBit/DappProjects/payroll/contracts/ERC20.sol
FN:41,
FN:56,transfer
FN:71,transferFrom
FN:87,approve
FN:100,approveAndCall
FN:113,burn
FN:127,burnFrom
FN:142,totalSupply
FN:152,balanceOf
FN:162,allowance
FN:174,
FNF:11
FNH:4
FNDA:1,
FNDA:34,transfer
FNDA:0,transferFrom
FNDA:0,approve
FNDA:0,approveAndCall
FNDA:0,burn
FNDA:0,burnFrom
FNDA:1,totalSupply
FNDA:36,balanceOf
FNDA:0,allowance
FNDA:0,
DA:43,1
DA:44,1
DA:45,1
DA:46,1
DA:47,1
DA:48,1
DA:59,34
DA:60,34
DA:61,34
DA:62,34
DA:63,34
DA:64,34
DA:74,0
DA:75,0
DA:76,0
DA:77,0
DA:78,0
DA:79,0
DA:80,0
DA:90,0
DA:91,0
DA:92,0
DA:103,0
DA:104,0
DA:105,0
DA:106,0
DA:116,0
DA:117,0
DA:118,0
DA:119,0
DA:120,0
DA:130,0
DA:131,0
DA:132,0
DA:133,0
DA:134,0
DA:135,0
DA:136,0
DA:146,1
DA:156,36
DA:166,0
DA:177,0
LF:42
LH:14
BRDA:59,1,0,34
BRDA:59,1,1,0
BRDA:60,2,0,34
BRDA:60,2,1,0
BRDA:74,3,0,0
BRDA:74,3,1,0
BRDA:75,4,0,0
BRDA:75,4,1,0
BRDA:130,5,0,0
BRDA:130,5,1,0
BRF:10
BRH:2
end_of_record
TN:
SF:/home/peter/Documents/Work/MyBit/DappProjects/payroll/contracts/MyBitBurner.sol
FN:17,
FN:24,burn
FN:34,authorizeBurner
FN:44,removeBurner
FNF:4
FNH:2
FNDA:1,
FNDA:0,burn
FNDA:1,authorizeBurner
FNDA:0,removeBurner
DA:19,1
DA:20,1
DA:27,0
DA:28,0
DA:29,0
DA:30,0
DA:31,0
DA:37,1
DA:38,1
DA:39,1
DA:40,1
DA:41,1
DA:47,0
DA:48,0
DA:49,0
DA:50,0
LF:16
LH:7
BRDA:27,1,0,0
BRDA:27,1,1,0
BRDA:28,2,0,0
BRDA:28,2,1,0
BRDA:29,3,0,0
BRDA:29,3,1,0
BRDA:37,4,0,1
BRDA:37,4,1,0
BRDA:38,5,0,1
BRDA:38,5,1,0
BRDA:47,6,0,0
BRDA:47,6,1,0
BRDA:48,7,0,0
BRDA:48,7,1,0
BRF:14
BRH:2
end_of_record
TN:
SF:/home/peter/Documents/Work/MyBit/DappProjects/payroll/contracts/Payroll.sol
FN:21,
FN:32,addOrganization
FN:54,addEmployee
FN:69,listEmployees
FN:81,removeEmployee
FN:98,removeEmployeeKeepOrder
FN:122,payEmployees
FN:137,getTotalPayroll
FN:149,updateAddress
FN:176,closeContract
FN:183,changeMYBFee
FN:197,nonReentrant
FNF:12
FNH:12
FNDA:1,
FNDA:7,addOrganization
FNDA:4,addEmployee
FNDA:4,listEmployees
FNDA:2,removeEmployee
FNDA:3,removeEmployeeKeepOrder
FNDA:3,payEmployees
FNDA:6,getTotalPayroll
FNDA:4,updateAddress
FNDA:3,closeContract
FNDA:2,changeMYBFee
FNDA:3,nonReentrant
DA:22,1
DA:23,1
DA:24,1
DA:34,7
DA:35,6
DA:36,5
DA:37,4
DA:39,3
DA:40,3
DA:41,3
DA:43,3
DA:44,8
DA:45,7
DA:46,6
DA:47,6
DA:48,6
DA:50,6
DA:56,4
DA:57,3
DA:58,2
DA:60,1
DA:61,1
DA:62,1
DA:63,1
DA:64,1
DA:66,1
DA:73,4
DA:74,4
DA:75,4
DA:76,13
DA:78,4
DA:83,2
DA:85,1
DA:86,1
DA:87,3
DA:88,1
DA:89,1
DA:90,1
DA:91,1
DA:92,1
DA:93,1
DA:100,3
DA:101,2
DA:103,2
DA:104,2
DA:105,7
DA:106,1
DA:108,1
DA:109,1
DA:111,7
DA:112,2
DA:115,2
DA:116,1
DA:126,3
DA:127,2
DA:129,1
DA:130,1
DA:131,3
DA:132,3
DA:141,6
DA:142,6
DA:143,19
DA:144,19
DA:146,6
DA:151,4
DA:152,3
DA:153,2
DA:155,1
DA:156,1
DA:157,2
DA:159,1
DA:161,1
DA:163,1
DA:164,1
DA:165,1
DA:166,1
DA:170,1
DA:178,3
DA:179,2
DA:180,1
DA:185,2
DA:186,1
DA:198,3
DA:199,3
DA:200,3
DA:201,1
LF:86
LH:86
BRDA:34,1,0,6
BRDA:34,1,1,1
BRDA:35,2,0,5
BRDA:35,2,1,1
BRDA:36,3,0,4
BRDA:36,3,1,1
BRDA:37,4,0,3
BRDA:37,4,1,1
BRDA:44,5,0,7
BRDA:44,5,1,1
BRDA:45,6,0,6
BRDA:45,6,1,1
BRDA:56,7,0,3
BRDA:56,7,1,1
BRDA:57,8,0,2
BRDA:57,8,1,1
BRDA:58,9,0,1
BRDA:58,9,1,1
BRDA:83,10,0,1
BRDA:83,10,1,1
BRDA:87,11,0,1
BRDA:87,11,1,2
BRDA:100,12,0,2
BRDA:100,12,1,1
BRDA:105,13,0,1
BRDA:105,13,1,6
BRDA:111,14,0,2
BRDA:111,14,1,5
BRDA:115,15,0,1
BRDA:115,15,1,1
BRDA:126,16,0,2
BRDA:126,16,1,1
BRDA:127,17,0,1
BRDA:127,17,1,1
BRDA:151,18,0,3
BRDA:151,18,1,1
BRDA:152,19,0,2
BRDA:152,19,1,1
BRDA:153,20,0,1
BRDA:153,20,1,1
BRDA:157,21,0,1
BRDA:157,21,1,1
BRDA:178,22,0,2
BRDA:178,22,1,1
BRDA:179,23,0,1
BRDA:179,23,1,1
BRDA:185,24,0,1
BRDA:185,24,1,1
BRDA:201,25,0,1
BRDA:201,25,1,0
BRF:50
BRH:49
end_of_record
TN:
SF:/home/peter/Documents/Work/MyBit/DappProjects/payroll/contracts/SafeMath.sol
FN:13,mul
FN:25,div
FN:35,sub
FN:43,add
FN:52,getFractionalAmount
FN:63,bytesToUint
FNF:6
FNH:2
FNDA:0,mul
FNDA:0,div
FNDA:34,sub
FNDA:53,add
FNDA:0,getFractionalAmount
FNDA:0,bytesToUint
DA:14,0
DA:15,0
DA:17,0
DA:18,0
DA:19,0
DA:29,0
DA:36,34
DA:37,34
DA:44,53
DA:45,53
DA:46,53
DA:56,0
DA:64,0
DA:65,0
DA:66,0
DA:68,0
LF:16
LH:5
BRDA:14,1,0,0
BRDA:14,1,1,0
BRDA:18,2,0,0
BRDA:18,2,1,0
BRDA:36,3,0,34
BRDA:36,3,1,0
BRDA:45,4,0,53
BRDA:45,4,1,0
BRF:8
BRH:2
end_of_record
