TN:
SF:/home/peter/Documents/Work/MyBit/MyBit-Payroll.tech/contracts/ContractManager.sol
FN:13,
FN:26,addContract
FN:44,removeContract
FN:63,updateContract
FN:79,contractExists
FN:94,anyOwner
FN:102,noEmptyAddress
FN:110,noEmptyString
FN:118,multiSigRequired
FNF:9
FNH:8
FNDA:2,
FNDA:5,addContract
FNDA:2,removeContract
FNDA:2,updateContract
FNDA:14,contractExists
FNDA:10,anyOwner
FNDA:12,noEmptyAddress
FNDA:9,noEmptyString
FNDA:0,multiSigRequired
DA:16,2
DA:32,5
DA:33,4
DA:34,3
DA:35,3
DA:36,3
DA:49,2
DA:50,2
DA:51,1
DA:52,1
DA:53,1
DA:68,2
DA:69,2
DA:70,1
DA:71,1
DA:72,1
DA:73,1
DA:83,14
DA:95,10
DA:96,9
DA:103,12
DA:104,11
DA:111,9
DA:112,8
DA:119,0
DA:120,0
DA:121,0
DA:122,0
LF:28
LH:24
BRDA:32,1,0,4
BRDA:32,1,1,1
BRDA:33,2,0,3
BRDA:33,2,1,1
BRDA:50,3,0,1
BRDA:50,3,1,1
BRDA:69,4,0,1
BRDA:69,4,1,1
BRDA:95,5,0,9
BRDA:95,5,1,1
BRDA:103,6,0,11
BRDA:103,6,1,1
BRDA:111,7,0,8
BRDA:111,7,1,1
BRDA:119,8,0,0
BRDA:119,8,1,0
BRDA:120,9,0,0
BRDA:120,9,1,0
BRF:18
BRH:14
end_of_record
TN:
SF:/home/peter/Documents/Work/MyBit/MyBit-Payroll.tech/contracts/Database.sol
FN:28,
FN:40,setContractManager
FN:53,setAddress
FN:59,setUint
FN:65,setString
FN:71,setBytes
FN:77,setBytes32
FN:83,setBool
FN:89,setInt
FN:100,deleteAddress
FN:106,deleteUint
FN:112,deleteString
FN:118,deleteBytes
FN:124,deleteBytes32
FN:130,deleteBool
FN:136,deleteInt
FN:147,onlyApprovedContract
FNF:17
FNH:17
FNDA:2,
FNDA:5,setContractManager
FNDA:17,setAddress
FNDA:19,setUint
FNDA:1,setString
FNDA:1,setBytes
FNDA:1,setBytes32
FNDA:23,setBool
FNDA:1,setInt
FNDA:3,deleteAddress
FNDA:1,deleteUint
FNDA:1,deleteString
FNDA:1,deleteBytes
FNDA:1,deleteBytes32
FNDA:3,deleteBool
FNDA:1,deleteInt
FNDA:75,onlyApprovedContract
DA:30,2
DA:31,2
DA:42,5
DA:43,4
DA:44,3
DA:45,2
DA:46,2
DA:56,17
DA:62,19
DA:68,1
DA:74,1
DA:80,1
DA:86,23
DA:92,1
DA:103,3
DA:109,1
DA:115,1
DA:121,1
DA:127,1
DA:133,3
DA:139,1
DA:148,75
DA:149,74
LF:23
LH:23
BRDA:42,1,0,4
BRDA:42,1,1,1
BRDA:43,2,0,3
BRDA:43,2,1,1
BRDA:44,3,0,2
BRDA:44,3,1,1
BRDA:148,4,0,74
BRDA:148,4,1,1
BRF:8
BRH:8
end_of_record
TN:
SF:/home/peter/Documents/Work/MyBit/MyBit-Payroll.tech/contracts/ERC20.sol
FN:41,
FN:56,transfer
FN:71,transferFrom
FN:87,approve
FN:100,approveAndCall
FN:113,burn
FN:127,burnFrom
FN:142,totalSupply
FN:152,balanceOf
FN:162,allowance
FN:174,
FNF:11
FNH:10
FNDA:3,
FNDA:40,transfer
FNDA:3,transferFrom
FNDA:10,approve
FNDA:0,approveAndCall
FNDA:1,burn
FNDA:8,burnFrom
FNDA:2,totalSupply
FNDA:43,balanceOf
FNDA:3,allowance
FNDA:1,
DA:43,3
DA:44,3
DA:45,3
DA:46,3
DA:47,3
DA:48,3
DA:59,40
DA:60,39
DA:61,38
DA:62,38
DA:63,38
DA:64,38
DA:74,3
DA:75,2
DA:76,1
DA:77,1
DA:78,1
DA:79,1
DA:80,1
DA:90,10
DA:91,10
DA:92,10
DA:103,0
DA:104,0
DA:105,0
DA:106,0
DA:116,1
DA:117,1
DA:118,1
DA:119,1
DA:120,1
DA:130,8
DA:131,5
DA:132,5
DA:133,5
DA:134,5
DA:135,5
DA:136,5
DA:146,2
DA:156,43
DA:166,3
DA:177,1
LF:42
LH:38
BRDA:59,1,0,39
BRDA:59,1,1,1
BRDA:60,2,0,38
BRDA:60,2,1,1
BRDA:74,3,0,2
BRDA:74,3,1,1
BRDA:75,4,0,1
BRDA:75,4,1,1
BRDA:130,5,0,5
BRDA:130,5,1,3
BRF:10
BRH:10
end_of_record
TN:
SF:/home/peter/Documents/Work/MyBit/MyBit-Payroll.tech/contracts/interfaces/ERC20Interface.sol
FNF:0
FNH:0
LF:0
LH:0
BRF:0
BRH:0
end_of_record
TN:
SF:/home/peter/Documents/Work/MyBit/MyBit-Payroll.tech/contracts/MyBitBurner.sol
FN:18,
FN:27,burn
FN:39,authorizeBurner
FN:51,removeBurner
FN:62,
FN:73,onlyOwner
FNF:6
FNH:6
FNDA:2,
FNDA:7,burn
FNDA:3,authorizeBurner
FNDA:2,removeBurner
FNDA:1,
FNDA:6,onlyOwner
DA:20,2
DA:21,2
DA:30,7
DA:32,6
DA:33,4
DA:34,4
DA:43,3
DA:44,2
DA:45,2
DA:46,2
DA:55,2
DA:56,1
DA:57,1
DA:58,1
DA:65,1
DA:74,6
DA:75,5
LF:17
LH:17
BRDA:30,1,0,6
BRDA:30,1,1,1
BRDA:32,2,0,4
BRDA:32,2,1,2
BRDA:43,3,0,2
BRDA:43,3,1,1
BRDA:55,4,0,1
BRDA:55,4,1,1
BRDA:74,5,0,5
BRDA:74,5,1,1
BRF:10
BRH:10
end_of_record
TN:
SF:/home/peter/Documents/Work/MyBit/MyBit-Payroll.tech/contracts/MyBitDapp.sol
FN:17,
FN:23,closeContract
FN:30,changeMYBFee
FN:37,encode
FN:41,encode
FN:45,encode
FNF:6
FNH:0
FNDA:0,
FNDA:0,closeContract
FNDA:0,changeMYBFee
FNDA:0,encode
FNDA:0,encode
FNDA:0,encode
DA:18,0
DA:25,0
DA:26,0
DA:27,0
DA:32,0
DA:33,0
DA:38,0
DA:42,0
DA:46,0
LF:9
LH:0
BRDA:25,1,0,0
BRDA:25,1,1,0
BRDA:26,2,0,0
BRDA:26,2,1,0
BRDA:32,3,0,0
BRDA:32,3,1,0
BRF:6
BRH:0
end_of_record
TN:
SF:/home/peter/Documents/Work/MyBit/MyBit-Payroll.tech/contracts/Payroll.sol
FN:21,
FN:32,addOrganization
FN:55,addEmployee
FN:70,listEmployees
FN:82,removeEmployee
FN:99,removeEmployeeKeepOrder
FN:123,payEmployees
FN:137,getTotalPayroll
FN:149,updateAddress
FN:176,closeContract
FN:183,changeMYBFee
FNF:11
FNH:11
FNDA:1,
FNDA:8,addOrganization
FNDA:4,addEmployee
FNDA:4,listEmployees
FNDA:2,removeEmployee
FNDA:3,removeEmployeeKeepOrder
FNDA:3,payEmployees
FNDA:6,getTotalPayroll
FNDA:4,updateAddress
FNDA:3,closeContract
FNDA:2,changeMYBFee
DA:22,1
DA:23,1
DA:24,1
DA:34,8
DA:35,7
DA:36,6
DA:37,5
DA:38,4
DA:40,3
DA:41,3
DA:42,3
DA:44,3
DA:45,9
DA:46,8
DA:47,7
DA:48,7
DA:49,7
DA:51,7
DA:57,4
DA:58,3
DA:59,2
DA:61,1
DA:62,1
DA:63,1
DA:64,1
DA:65,1
DA:67,1
DA:74,4
DA:75,4
DA:76,4
DA:77,13
DA:79,4
DA:84,2
DA:86,1
DA:87,1
DA:88,3
DA:89,1
DA:90,1
DA:91,1
DA:92,1
DA:93,1
DA:94,1
DA:101,3
DA:102,2
DA:104,2
DA:105,2
DA:106,7
DA:107,1
DA:109,1
DA:110,1
DA:112,7
DA:113,2
DA:116,2
DA:117,1
DA:126,3
DA:127,2
DA:129,1
DA:130,1
DA:131,3
DA:132,3
DA:141,6
DA:142,6
DA:143,19
DA:144,19
DA:146,6
DA:151,4
DA:152,3
DA:153,2
DA:155,1
DA:156,1
DA:157,2
DA:159,1
DA:161,1
DA:163,1
DA:164,1
DA:165,1
DA:166,1
DA:170,1
DA:178,3
DA:179,2
DA:180,1
DA:185,2
DA:186,1
LF:83
LH:83
BRDA:34,1,0,7
BRDA:34,1,1,1
BRDA:35,2,0,6
BRDA:35,2,1,1
BRDA:36,3,0,5
BRDA:36,3,1,1
BRDA:37,4,0,4
BRDA:37,4,1,1
BRDA:38,5,0,3
BRDA:38,5,1,1
BRDA:45,6,0,8
BRDA:45,6,1,1
BRDA:46,7,0,7
BRDA:46,7,1,1
BRDA:57,8,0,3
BRDA:57,8,1,1
BRDA:58,9,0,2
BRDA:58,9,1,1
BRDA:59,10,0,1
BRDA:59,10,1,1
BRDA:84,11,0,1
BRDA:84,11,1,1
BRDA:88,12,0,1
BRDA:88,12,1,2
BRDA:101,13,0,2
BRDA:101,13,1,1
BRDA:106,14,0,1
BRDA:106,14,1,6
BRDA:112,15,0,2
BRDA:112,15,1,5
BRDA:116,16,0,1
BRDA:116,16,1,1
BRDA:126,17,0,2
BRDA:126,17,1,1
BRDA:127,18,0,1
BRDA:127,18,1,1
BRDA:151,19,0,3
BRDA:151,19,1,1
BRDA:152,20,0,2
BRDA:152,20,1,1
BRDA:153,21,0,1
BRDA:153,21,1,1
BRDA:157,22,0,1
BRDA:157,22,1,1
BRDA:178,23,0,2
BRDA:178,23,1,1
BRDA:179,24,0,1
BRDA:179,24,1,1
BRDA:185,25,0,1
BRDA:185,25,1,1
BRF:50
BRH:50
end_of_record
TN:
SF:/home/peter/Documents/Work/MyBit/MyBit-Payroll.tech/contracts/SafeMath.sol
FN:13,mul
FN:25,div
FN:35,sub
FN:43,add
FN:52,getFractionalAmount
FN:63,bytesToUint
FNF:6
FNH:6
FNDA:4,mul
FNDA:2,div
FNDA:59,sub
FNDA:60,add
FNDA:1,getFractionalAmount
FNDA:1,bytesToUint
DA:14,4
DA:15,1
DA:17,3
DA:18,3
DA:19,2
DA:29,2
DA:36,59
DA:37,58
DA:44,60
DA:45,60
DA:46,59
DA:56,1
DA:64,1
DA:65,1
DA:66,1
DA:68,1
LF:16
LH:16
BRDA:14,1,0,1
BRDA:14,1,1,3
BRDA:18,2,0,2
BRDA:18,2,1,1
BRDA:36,3,0,58
BRDA:36,3,1,1
BRDA:45,4,0,59
BRDA:45,4,1,1
BRF:8
BRH:8
end_of_record
TN:
SF:/home/peter/Documents/Work/MyBit/MyBit-Payroll.tech/contracts/SafeMathWrapper.sol
FN:9,multiply
FN:13,divide
FN:17,subtract
FN:21,addto
FN:25,fraction
FN:29,getUint
FNF:6
FNH:6
FNDA:3,multiply
FNDA:1,divide
FNDA:2,subtract
FNDA:2,addto
FNDA:1,fraction
FNDA:1,getUint
DA:10,3
DA:14,1
DA:18,2
DA:22,2
DA:26,1
DA:30,1
LF:6
LH:6
BRF:0
BRH:0
end_of_record
